<?xml version="1.0" encoding="UTF-8"?>
<coverage generated="1772064451750" clover="3.2.0">
  <project timestamp="1772064451751" name="All files">
    <metrics statements="17" coveredstatements="12" conditionals="8" coveredconditionals="4" methods="4" coveredmethods="2" elements="29" coveredelements="18" complexity="0" loc="17" ncloc="17" packages="1" files="2" classes="2"/>
    <file name="index.js" path="C:\Users\EQUIPO\Documents\ESIT2025\Estancia.Profesional\DNSDE-SN-11\src\index.js">
      <metrics statements="11" coveredstatements="8" conditionals="4" coveredconditionals="1" methods="3" coveredmethods="2"/>
      <line num="1" count="1" type="stmt"/>
      <line num="2" count="1" type="stmt"/>
      <line num="4" count="1" type="stmt"/>
      <line num="5" count="1" type="stmt"/>
      <line num="9" count="1" type="stmt"/>
      <line num="10" count="1" type="stmt"/>
      <line num="18" count="1" type="cond" truecount="1" falsecount="1"/>
      <line num="19" count="0" type="cond" truecount="0" falsecount="2"/>
      <line num="20" count="0" type="stmt"/>
      <line num="21" count="0" type="stmt"/>
      <line num="25" count="1" type="stmt"/>
    </file>
    <file name="server.js" path="C:\Users\EQUIPO\Documents\ESIT2025\Estancia.Profesional\DNSDE-SN-11\src\server.js">
      <metrics statements="6" coveredstatements="4" conditionals="4" coveredconditionals="3" methods="1" coveredmethods="0"/>
      <line num="1" count="1" type="stmt"/>
      <line num="3" count="1" type="cond" truecount="2" falsecount="0"/>
      <line num="5" count="1" type="cond" truecount="1" falsecount="1"/>
      <line num="6" count="0" type="stmt"/>
      <line num="7" count="0" type="stmt"/>
      <line num="11" count="1" type="stmt"/>
    </file>
  </project>
</coverage>
