TN:
SF:src\index.js
FN:4,(anonymous_0)
FN:9,(anonymous_1)
FN:20,(anonymous_2)
FNF:3
FNH:2
FNDA:1,(anonymous_0)
FNDA:1,(anonymous_1)
FNDA:0,(anonymous_2)
DA:1,1
DA:2,1
DA:4,1
DA:5,1
DA:9,1
DA:10,1
DA:18,1
DA:19,0
DA:20,0
DA:21,0
DA:25,1
LF:11
LH:8
BRDA:18,0,0,0
BRDA:18,0,1,1
BRDA:19,1,0,0
BRDA:19,1,1,0
BRF:4
BRH:1
end_of_record
TN:
SF:src\server.js
FN:6,(anonymous_0)
FNF:1
FNH:0
FNDA:0,(anonymous_0)
DA:1,1
DA:3,1
DA:5,1
DA:6,0
DA:7,0
DA:11,1
LF:6
LH:4
BRDA:3,0,0,1
BRDA:3,0,1,1
BRDA:5,1,0,0
BRDA:5,1,1,1
BRF:4
BRH:3
end_of_record
